<?xml version="1.0" encoding="UTF-8"?>
<coverage generated="1596958435397" clover="3.2.0">
  <project timestamp="1596958435397" name="All files">
    <metrics statements="31" coveredstatements="29" conditionals="23" coveredconditionals="18" methods="12" coveredmethods="12" elements="66" coveredelements="59" complexity="0" loc="31" ncloc="31" packages="2" files="2" classes="2"/>
    <package name="maskmanjs">
      <metrics statements="1" coveredstatements="1" conditionals="0" coveredconditionals="0" methods="0" coveredmethods="0"/>
      <file name="index.js" path="/Users/sgkim/Documents/david/maskmanjs/index.js">
        <metrics statements="1" coveredstatements="1" conditionals="0" coveredconditionals="0" methods="0" coveredmethods="0"/>
        <line num="6" count="2" type="stmt"/>
      </file>
    </package>
    <package name="maskmanjs.src">
      <metrics statements="30" coveredstatements="28" conditionals="23" coveredconditionals="18" methods="12" coveredmethods="12"/>
      <file name="maskman.js" path="/Users/sgkim/Documents/david/maskmanjs/src/maskman.js">
        <metrics statements="30" coveredstatements="28" conditionals="23" coveredconditionals="18" methods="12" coveredmethods="12"/>
        <line num="3" count="200" type="cond" truecount="4" falsecount="0"/>
        <line num="4" count="180" type="stmt"/>
        <line num="8" count="205" type="cond" truecount="4" falsecount="0"/>
        <line num="9" count="184" type="stmt"/>
        <line num="13" count="81" type="stmt"/>
        <line num="14" count="196" type="stmt"/>
        <line num="15" count="196" type="cond" truecount="2" falsecount="0"/>
        <line num="16" count="196" type="cond" truecount="2" falsecount="0"/>
        <line num="17" count="48" type="stmt"/>
        <line num="19" count="196" type="stmt"/>
        <line num="33" count="104" type="stmt"/>
        <line num="34" count="208" type="stmt"/>
        <line num="49" count="108" type="stmt"/>
        <line num="50" count="108" type="cond" truecount="2" falsecount="0"/>
        <line num="51" count="3" type="stmt"/>
        <line num="54" count="105" type="stmt"/>
        <line num="55" count="105" type="stmt"/>
        <line num="56" count="209" type="stmt"/>
        <line num="59" count="105" type="cond" truecount="1" falsecount="1"/>
        <line num="60" count="0" type="stmt"/>
        <line num="63" count="105" type="stmt"/>
        <line num="76" count="9" type="stmt"/>
        <line num="86" count="5" type="stmt"/>
        <line num="95" count="9" type="cond" truecount="2" falsecount="0"/>
        <line num="96" count="5" type="stmt"/>
        <line num="97" count="4" type="cond" truecount="1" falsecount="1"/>
        <line num="98" count="12" type="stmt"/>
        <line num="100" count="0" type="stmt"/>
        <line num="111" count="2" type="stmt"/>
        <line num="112" count="2" type="stmt"/>
      </file>
    </package>
  </project>
</coverage>
