{"/Users/sgkim/Documents/david/maskmanjs/index.js": {"path":"/Users/sgkim/Documents/david/maskmanjs/index.js","statementMap":{"0":{"start":{"line":6,"column":0},"end":{"line":6,"column":41}}},"fnMap":{},"branchMap":{},"s":{"0":2},"f":{},"b":{},"_coverageSchema":"1a1c01bbd47fc00a2c39e90264f33305004495a9","hash":"8afb84958d1e495c98c7b152e571bc8c48309108"}
,"/Users/sgkim/Documents/david/maskmanjs/src/maskman.js": {"path":"/Users/sgkim/Documents/david/maskmanjs/src/maskman.js","statementMap":{"0":{"start":{"line":3,"column":2},"end":{"line":3,"column":64}},"1":{"start":{"line":3,"column":53},"end":{"line":3,"column":64}},"2":{"start":{"line":4,"column":2},"end":{"line":4,"column":14}},"3":{"start":{"line":8,"column":2},"end":{"line":8,"column":65}},"4":{"start":{"line":8,"column":54},"end":{"line":8,"column":65}},"5":{"start":{"line":9,"column":2},"end":{"line":9,"column":14}},"6":{"start":{"line":13,"column":2},"end":{"line":20,"column":8}},"7":{"start":{"line":14,"column":17},"end":{"line":14,"column":26}},"8":{"start":{"line":15,"column":4},"end":{"line":15,"column":100}},"9":{"start":{"line":16,"column":4},"end":{"line":18,"column":5}},"10":{"start":{"line":17,"column":6},"end":{"line":17,"column":92}},"11":{"start":{"line":17,"column":56},"end":{"line":17,"column":91}},"12":{"start":{"line":19,"column":4},"end":{"line":19,"column":15}},"13":{"start":{"line":33,"column":2},"end":{"line":35,"column":4}},"14":{"start":{"line":34,"column":4},"end":{"line":34,"column":35}},"15":{"start":{"line":49,"column":21},"end":{"line":49,"column":45}},"16":{"start":{"line":50,"column":2},"end":{"line":52,"column":3}},"17":{"start":{"line":51,"column":4},"end":{"line":51,"column":17}},"18":{"start":{"line":54,"column":12},"end":{"line":54,"column":29}},"19":{"start":{"line":55,"column":2},"end":{"line":57,"column":3}},"20":{"start":{"line":55,"column":15},"end":{"line":55,"column":16}},"21":{"start":{"line":55,"column":22},"end":{"line":55,"column":39}},"22":{"start":{"line":56,"column":4},"end":{"line":56,"column":83}},"23":{"start":{"line":59,"column":2},"end":{"line":61,"column":3}},"24":{"start":{"line":60,"column":4},"end":{"line":60,"column":22}},"25":{"start":{"line":63,"column":2},"end":{"line":63,"column":12}},"26":{"start":{"line":76,"column":4},"end":{"line":76,"column":20}},"27":{"start":{"line":86,"column":4},"end":{"line":86,"column":28}},"28":{"start":{"line":95,"column":4},"end":{"line":97,"column":5}},"29":{"start":{"line":96,"column":6},"end":{"line":96,"column":48}},"30":{"start":{"line":97,"column":6},"end":{"line":99,"column":5}},"31":{"start":{"line":98,"column":6},"end":{"line":98,"column":72}},"32":{"start":{"line":98,"column":38},"end":{"line":98,"column":71}},"33":{"start":{"line":100,"column":4},"end":{"line":100,"column":20}},"34":{"start":{"line":111,"column":19},"end":{"line":111,"column":53}},"35":{"start":{"line":112,"column":0},"end":{"line":112,"column":27}}},"fnMap":{"0":{"name":"isArray","decl":{"start":{"line":2,"column":9},"end":{"line":2,"column":16}},"loc":{"start":{"line":2,"column":22},"end":{"line":5,"column":1}},"line":2},"1":{"name":"isObject","decl":{"start":{"line":7,"column":9},"end":{"line":7,"column":17}},"loc":{"start":{"line":7,"column":23},"end":{"line":10,"column":1}},"line":7},"2":{"name":"convertObject","decl":{"start":{"line":12,"column":9},"end":{"line":12,"column":22}},"loc":{"start":{"line":12,"column":42},"end":{"line":21,"column":1}},"line":12},"3":{"name":"(anonymous_3)","decl":{"start":{"line":13,"column":34},"end":{"line":13,"column":35}},"loc":{"start":{"line":13,"column":54},"end":{"line":20,"column":3}},"line":13},"4":{"name":"(anonymous_4)","decl":{"start":{"line":17,"column":45},"end":{"line":17,"column":46}},"loc":{"start":{"line":17,"column":56},"end":{"line":17,"column":91}},"line":17},"5":{"name":"camelCase","decl":{"start":{"line":32,"column":9},"end":{"line":32,"column":18}},"loc":{"start":{"line":32,"column":32},"end":{"line":36,"column":1}},"line":32},"6":{"name":"(anonymous_6)","decl":{"start":{"line":33,"column":32},"end":{"line":33,"column":33}},"loc":{"start":{"line":33,"column":43},"end":{"line":35,"column":3}},"line":33},"7":{"name":"snake_case","decl":{"start":{"line":48,"column":9},"end":{"line":48,"column":19}},"loc":{"start":{"line":48,"column":28},"end":{"line":64,"column":1}},"line":48},"8":{"name":"(anonymous_8)","decl":{"start":{"line":75,"column":2},"end":{"line":75,"column":3}},"loc":{"start":{"line":75,"column":27},"end":{"line":77,"column":3}},"line":75},"9":{"name":"(anonymous_9)","decl":{"start":{"line":85,"column":2},"end":{"line":85,"column":3}},"loc":{"start":{"line":85,"column":30},"end":{"line":87,"column":3}},"line":85},"10":{"name":"(anonymous_10)","decl":{"start":{"line":94,"column":2},"end":{"line":94,"column":3}},"loc":{"start":{"line":94,"column":16},"end":{"line":101,"column":3}},"line":94},"11":{"name":"(anonymous_11)","decl":{"start":{"line":98,"column":27},"end":{"line":98,"column":28}},"loc":{"start":{"line":98,"column":38},"end":{"line":98,"column":71}},"line":98}},"branchMap":{"0":{"loc":{"start":{"line":3,"column":2},"end":{"line":3,"column":64}},"type":"if","locations":[{"start":{"line":3,"column":2},"end":{"line":3,"column":64}},{"start":{"line":3,"column":2},"end":{"line":3,"column":64}}],"line":3},"1":{"loc":{"start":{"line":3,"column":6},"end":{"line":3,"column":51}},"type":"binary-expr","locations":[{"start":{"line":3,"column":6},"end":{"line":3,"column":29}},{"start":{"line":3,"column":33},"end":{"line":3,"column":51}}],"line":3},"2":{"loc":{"start":{"line":8,"column":2},"end":{"line":8,"column":65}},"type":"if","locations":[{"start":{"line":8,"column":2},"end":{"line":8,"column":65}},{"start":{"line":8,"column":2},"end":{"line":8,"column":65}}],"line":8},"3":{"loc":{"start":{"line":8,"column":6},"end":{"line":8,"column":52}},"type":"binary-expr","locations":[{"start":{"line":8,"column":6},"end":{"line":8,"column":29}},{"start":{"line":8,"column":33},"end":{"line":8,"column":52}}],"line":8},"4":{"loc":{"start":{"line":15,"column":29},"end":{"line":15,"column":100}},"type":"cond-expr","locations":[{"start":{"line":15,"column":51},"end":{"line":15,"column":88}},{"start":{"line":15,"column":91},"end":{"line":15,"column":100}}],"line":15},"5":{"loc":{"start":{"line":16,"column":4},"end":{"line":18,"column":5}},"type":"if","locations":[{"start":{"line":16,"column":4},"end":{"line":18,"column":5}},{"start":{"line":16,"column":4},"end":{"line":18,"column":5}}],"line":16},"6":{"loc":{"start":{"line":32,"column":19},"end":{"line":32,"column":30}},"type":"default-arg","locations":[{"start":{"line":32,"column":28},"end":{"line":32,"column":30}}],"line":32},"7":{"loc":{"start":{"line":50,"column":2},"end":{"line":52,"column":3}},"type":"if","locations":[{"start":{"line":50,"column":2},"end":{"line":52,"column":3}},{"start":{"line":50,"column":2},"end":{"line":52,"column":3}}],"line":50},"8":{"loc":{"start":{"line":59,"column":2},"end":{"line":61,"column":3}},"type":"if","locations":[{"start":{"line":59,"column":2},"end":{"line":61,"column":3}},{"start":{"line":59,"column":2},"end":{"line":61,"column":3}}],"line":59},"9":{"loc":{"start":{"line":75,"column":14},"end":{"line":75,"column":25}},"type":"default-arg","locations":[{"start":{"line":75,"column":21},"end":{"line":75,"column":25}}],"line":75},"10":{"loc":{"start":{"line":85,"column":17},"end":{"line":85,"column":28}},"type":"default-arg","locations":[{"start":{"line":85,"column":24},"end":{"line":85,"column":28}}],"line":85},"11":{"loc":{"start":{"line":95,"column":4},"end":{"line":97,"column":5}},"type":"if","locations":[{"start":{"line":95,"column":4},"end":{"line":97,"column":5}},{"start":{"line":95,"column":4},"end":{"line":97,"column":5}}],"line":95},"12":{"loc":{"start":{"line":97,"column":6},"end":{"line":99,"column":5}},"type":"if","locations":[{"start":{"line":97,"column":6},"end":{"line":99,"column":5}},{"start":{"line":97,"column":6},"end":{"line":99,"column":5}}],"line":97}},"s":{"0":200,"1":20,"2":180,"3":205,"4":21,"5":184,"6":81,"7":196,"8":196,"9":196,"10":16,"11":48,"12":196,"13":104,"14":208,"15":108,"16":108,"17":3,"18":105,"19":105,"20":105,"21":105,"22":209,"23":105,"24":0,"25":105,"26":9,"27":5,"28":9,"29":5,"30":4,"31":4,"32":12,"33":0,"34":2,"35":2},"f":{"0":200,"1":205,"2":81,"3":196,"4":48,"5":104,"6":208,"7":108,"8":9,"9":5,"10":9,"11":12},"b":{"0":[20,180],"1":[200,36],"2":[21,184],"3":[205,41],"4":[16,180],"5":[16,180],"6":[0],"7":[3,105],"8":[0,105],"9":[0],"10":[0],"11":[5,4],"12":[4,0]},"_coverageSchema":"1a1c01bbd47fc00a2c39e90264f33305004495a9","hash":"1a8122cba098873a591082a42461be5fa0bc0852"}
}
