TN:
SF:index.js
FNF:0
FNH:0
DA:6,2
LF:1
LH:1
BRF:0
BRH:0
end_of_record
TN:
SF:src/maskman.js
FN:2,isArray
FN:7,isObject
FN:12,convertObject
FN:13,(anonymous_3)
FN:17,(anonymous_4)
FN:32,camelCase
FN:33,(anonymous_6)
FN:48,snake_case
FN:75,(anonymous_8)
FN:85,(anonymous_9)
FN:94,(anonymous_10)
FN:98,(anonymous_11)
FNF:12
FNH:12
FNDA:200,isArray
FNDA:205,isObject
FNDA:81,convertObject
FNDA:196,(anonymous_3)
FNDA:48,(anonymous_4)
FNDA:104,camelCase
FNDA:208,(anonymous_6)
FNDA:108,snake_case
FNDA:9,(anonymous_8)
FNDA:5,(anonymous_9)
FNDA:9,(anonymous_10)
FNDA:12,(anonymous_11)
DA:3,200
DA:4,180
DA:8,205
DA:9,184
DA:13,81
DA:14,196
DA:15,196
DA:16,196
DA:17,48
DA:19,196
DA:33,104
DA:34,208
DA:49,108
DA:50,108
DA:51,3
DA:54,105
DA:55,105
DA:56,209
DA:59,105
DA:60,0
DA:63,105
DA:76,9
DA:86,5
DA:95,9
DA:96,5
DA:97,4
DA:98,12
DA:100,0
DA:111,2
DA:112,2
LF:30
LH:28
BRDA:3,0,0,20
BRDA:3,0,1,180
BRDA:3,1,0,200
BRDA:3,1,1,36
BRDA:8,2,0,21
BRDA:8,2,1,184
BRDA:8,3,0,205
BRDA:8,3,1,41
BRDA:15,4,0,16
BRDA:15,4,1,180
BRDA:16,5,0,16
BRDA:16,5,1,180
BRDA:32,6,0,0
BRDA:50,7,0,3
BRDA:50,7,1,105
BRDA:59,8,0,0
BRDA:59,8,1,105
BRDA:75,9,0,0
BRDA:85,10,0,0
BRDA:95,11,0,5
BRDA:95,11,1,4
BRDA:97,12,0,4
BRDA:97,12,1,0
BRF:23
BRH:18
end_of_record
